0 info it worked if it ends with ok
1 verbose cli [ 'C:\\Program Files\\nodejs\\node.exe',
1 verbose cli   'C:\\Users\\Chris\\AppData\\Roaming\\npm\\node_modules\\npm\\bin\\npm-cli.js',
1 verbose cli   'run',
1 verbose cli   'test:lint' ]
2 info using npm@3.10.9
3 info using node@v4.6.1
4 verbose run-script [ 'pretest:lint', 'test:lint', 'posttest:lint' ]
5 info lifecycle webpack-demo@1.0.0~pretest:lint: webpack-demo@1.0.0
6 silly lifecycle webpack-demo@1.0.0~pretest:lint: no script for pretest:lint, continuing
7 info lifecycle webpack-demo@1.0.0~test:lint: webpack-demo@1.0.0
8 verbose lifecycle webpack-demo@1.0.0~test:lint: unsafe-perm in lifecycle true
9 verbose lifecycle webpack-demo@1.0.0~test:lint: PATH: C:\Users\Chris\AppData\Roaming\npm\node_modules\npm\bin\node-gyp-bin;C:\Users\Chris\Documents\GitHub\webpack-demo\node_modules\.bin;C:\Users\Chris\bin;C:\Program Files\Git\mingw64\bin;C:\Program Files\Git\usr\local\bin;C:\Program Files\Git\usr\bin;C:\Program Files\Git\usr\bin;C:\Program Files\Git\mingw64\bin;C:\Program Files\Git\usr\bin;C:\ProgramData\Oracle\Java\javapath;C:\Program Files\Java\jdk1.8.0_60;C:\WINDOWS\system32;C:\WINDOWS;C:\WINDOWS\System32\Wbem;C:\WINDOWS\System32\WindowsPowerShell\v1.0;C:\Program Files (x86)\NVIDIA Corporation\PhysX\Common;C:\Program Files (x86)\Subversion\bin;C:\WINDOWS\system32\config\systemprofile\.dnx\bin;C:\Program Files\Microsoft DNX\Dnvm;C:\WINDOWS\system32;C:\WINDOWS;C:\WINDOWS\System32\Wbem;C:\WINDOWS\System32\WindowsPowerShell\v1.0;C:\Program Files\Microsoft\Web Platform Installer;C:\Program Files (x86)\Windows Kits\8.1\Windows Performance Toolkit;C:\Program Files (x86)\Skype\Phone;C:\Program Files (x86)\GtkSharp\2.12\bin;C:\Program Files\nodejs;C:\Program Files (x86)\Brackets\command;C:\Users\Chris\AppData\Local\Programs\Python\Python35-32\Scripts\pip3.exe;C:\Users\Chris\AppData\Local\Programs\Python\Python35-32\Scripts;C:\Users\Chris\AppData\Local\Programs\Python\Python35-32;C:\Ruby23-x64\bin;C:\Users\Chris\AppData\Local\.meteor;C:\Program Files (x86)\Git\bin;C:\Program Files (x86)\Git\cmd\git;C:\Program Files (x86)\Git\bin\git;C:\Users\Chris\AppData\Local\Microsoft\WindowsApps;C:\Users\Chris\AppData\Roaming\npm;C:\Program Files\Git\usr\bin\vendor_perl;C:\Program Files\Git\usr\bin\core_perl
10 verbose lifecycle webpack-demo@1.0.0~test:lint: CWD: C:\Users\Chris\Documents\GitHub\webpack-demo
11 silly lifecycle webpack-demo@1.0.0~test:lint: Args: [ '/d /s /c', 'eslint . --ext .js --ext .jsx --cache' ]
12 silly lifecycle webpack-demo@1.0.0~test:lint: Returned: code: 1  signal: null
13 info lifecycle webpack-demo@1.0.0~test:lint: Failed to exec test:lint script
14 verbose stack Error: webpack-demo@1.0.0 test:lint: `eslint . --ext .js --ext .jsx --cache`
14 verbose stack Exit status 1
14 verbose stack     at EventEmitter.<anonymous> (C:\Users\Chris\AppData\Roaming\npm\node_modules\npm\lib\utils\lifecycle.js:255:16)
14 verbose stack     at emitTwo (events.js:87:13)
14 verbose stack     at EventEmitter.emit (events.js:172:7)
14 verbose stack     at ChildProcess.<anonymous> (C:\Users\Chris\AppData\Roaming\npm\node_modules\npm\lib\utils\spawn.js:40:14)
14 verbose stack     at emitTwo (events.js:87:13)
14 verbose stack     at ChildProcess.emit (events.js:172:7)
14 verbose stack     at maybeClose (internal/child_process.js:829:16)
14 verbose stack     at Process.ChildProcess._handle.onexit (internal/child_process.js:211:5)
15 verbose pkgid webpack-demo@1.0.0
16 verbose cwd C:\Users\Chris\Documents\GitHub\webpack-demo
17 error Windows_NT 10.0.14393
18 error argv "C:\\Program Files\\nodejs\\node.exe" "C:\\Users\\Chris\\AppData\\Roaming\\npm\\node_modules\\npm\\bin\\npm-cli.js" "run" "test:lint"
19 error node v4.6.1
20 error npm  v3.10.9
21 error code ELIFECYCLE
22 error webpack-demo@1.0.0 test:lint: `eslint . --ext .js --ext .jsx --cache`
22 error Exit status 1
23 error Failed at the webpack-demo@1.0.0 test:lint script 'eslint . --ext .js --ext .jsx --cache'.
23 error Make sure you have the latest version of node.js and npm installed.
23 error If you do, this is most likely a problem with the webpack-demo package,
23 error not with npm itself.
23 error Tell the author that this fails on your system:
23 error     eslint . --ext .js --ext .jsx --cache
23 error You can get information on how to open an issue for this project with:
23 error     npm bugs webpack-demo
23 error Or if that isn't available, you can get their info via:
23 error     npm owner ls webpack-demo
23 error There is likely additional logging output above.
24 verbose exit [ 1, true ]
